0 info it worked if it ends with ok
1 verbose cli [ '/usr/local/bin/node', '/usr/local/bin/npm', 'run', 'watch' ]
2 info using npm@3.8.9
3 info using node@v6.2.0
4 verbose run-script [ 'prewatch', 'watch', 'postwatch' ]
5 info lifecycle algorithms@0.0.1~prewatch: algorithms@0.0.1
6 silly lifecycle algorithms@0.0.1~prewatch: no script for prewatch, continuing
7 info lifecycle algorithms@0.0.1~watch: algorithms@0.0.1
8 verbose lifecycle algorithms@0.0.1~watch: unsafe-perm in lifecycle true
9 verbose lifecycle algorithms@0.0.1~watch: PATH: /usr/local/lib/node_modules/npm/bin/node-gyp-bin:/Users/richard.kichenama/environment/code/algorithms/node_modules/.bin:/usr/local/bin:/Users/richard.kichenama/anaconda/bin:/Users/richard.kichenama/.rvm/gems/ruby-2.3.0/bin:/Users/richard.kichenama/.rvm/gems/ruby-2.3.0@global/bin:/Users/richard.kichenama/.rvm/rubies/ruby-2.3.0/bin:/usr/local/bin:/usr/bin:/bin:/usr/sbin:/sbin:/Users/richard.kichenama/.rvm/bin
10 verbose lifecycle algorithms@0.0.1~watch: CWD: /Users/richard.kichenama/environment/code/algorithms
11 silly lifecycle algorithms@0.0.1~watch: Args: [ '-c', 'gulp watch' ]
12 silly lifecycle algorithms@0.0.1~watch: Returned: code: 1  signal: null
13 info lifecycle algorithms@0.0.1~watch: Failed to exec watch script
14 verbose stack Error: algorithms@0.0.1 watch: `gulp watch`
14 verbose stack Exit status 1
14 verbose stack     at EventEmitter.<anonymous> (/usr/local/lib/node_modules/npm/lib/utils/lifecycle.js:245:16)
14 verbose stack     at emitTwo (events.js:106:13)
14 verbose stack     at EventEmitter.emit (events.js:191:7)
14 verbose stack     at ChildProcess.<anonymous> (/usr/local/lib/node_modules/npm/lib/utils/spawn.js:24:14)
14 verbose stack     at emitTwo (events.js:106:13)
14 verbose stack     at ChildProcess.emit (events.js:191:7)
14 verbose stack     at maybeClose (internal/child_process.js:850:16)
14 verbose stack     at Process.ChildProcess._handle.onexit (internal/child_process.js:215:5)
15 verbose pkgid algorithms@0.0.1
16 verbose cwd /Users/richard.kichenama/environment/code/algorithms
17 error Darwin 15.5.0
18 error argv "/usr/local/bin/node" "/usr/local/bin/npm" "run" "watch"
19 error node v6.2.0
20 error npm  v3.8.9
21 error code ELIFECYCLE
22 error algorithms@0.0.1 watch: `gulp watch`
22 error Exit status 1
23 error Failed at the algorithms@0.0.1 watch script 'gulp watch'.
23 error Make sure you have the latest version of node.js and npm installed.
23 error If you do, this is most likely a problem with the algorithms package,
23 error not with npm itself.
23 error Tell the author that this fails on your system:
23 error     gulp watch
23 error You can get information on how to open an issue for this project with:
23 error     npm bugs algorithms
23 error Or if that isn't available, you can get their info via:
23 error     npm owner ls algorithms
23 error There is likely additional logging output above.
24 verbose exit [ 1, true ]
